<?xml version="1.0" encoding="UTF-8"?>
<!-- Generated by org.testng.reporters.JUnitXMLReporter -->
<testsuite ignored="0" hostname="MANTHANs-MacBook-Pro.local" failures="0" tests="3" name="Default test" time="16.777" errors="0" timestamp="06 Jun. 2024 20:31:12 GMT">
  <testcase classname="com.qa.tests.LoginPageTest" name="loginPageTitleTest" time="0.012"/>
  <testcase classname="com.qa.tests.LoginPageTest" name="registerLinkTest" time="0.05"/>
  <testcase classname="com.qa.tests.LoginPageTest" name="loginTest" time="0.899"/>
</testsuite> <!-- Default test -->
