<?xml version="1.0" encoding="UTF-8"?>
<!-- Generated by org.testng.reporters.JUnitXMLReporter -->
<testsuite ignored="0" hostname="MANTHANs-MacBook-Pro.local" failures="0" tests="3" name="Default test" time="6.448" errors="0" timestamp="18 Jun. 2024 18:10:51 GMT">
  <testcase classname="com.qa.tests.LoginPageTest" name="loginPageTitleTest" time="0.01"/>
  <testcase classname="com.qa.tests.LoginPageTest" name="registerLinkTest" time="0.047"/>
  <testcase classname="com.qa.tests.LoginPageTest" name="loginTest" time="0.852"/>
</testsuite> <!-- Default test -->
