<?xml version="1.0" encoding="UTF-8"?>
<testng-results ignored="0" total="3" passed="3" failed="0" skipped="0">
  <reporter-output>
  </reporter-output>
  <suite started-at="2024-06-06T17:04:47Z" name="Default suite" finished-at="2024-06-06T17:04:55Z" duration-ms="7579">
    <groups>
    </groups>
    <test started-at="2024-06-06T17:04:47Z" name="Default test" finished-at="2024-06-06T17:04:55Z" duration-ms="7579">
      <class name="com.qa.tests.LoginPageTest">
        <test-method is-config="true" signature="setUp()[pri:0, instance:com.qa.tests.LoginPageTest@350aac89]" started-at="2024-06-06T17:04:47Z" name="setUp" finished-at="2024-06-06T17:04:53Z" duration-ms="6445" status="PASS">
          <reporter-output>
          </reporter-output>
        </test-method> <!-- setUp -->
        <test-method signature="loginPageTitleTest()[pri:1, instance:com.qa.tests.LoginPageTest@350aac89]" started-at="2024-06-06T17:04:53Z" name="loginPageTitleTest" finished-at="2024-06-06T17:04:53Z" duration-ms="11" status="PASS">
          <reporter-output>
          </reporter-output>
        </test-method> <!-- loginPageTitleTest -->
        <test-method signature="registerLinkTest()[pri:2, instance:com.qa.tests.LoginPageTest@350aac89]" started-at="2024-06-06T17:04:53Z" name="registerLinkTest" finished-at="2024-06-06T17:04:54Z" duration-ms="51" status="PASS">
          <reporter-output>
          </reporter-output>
        </test-method> <!-- registerLinkTest -->
        <test-method signature="loginTest()[pri:3, instance:com.qa.tests.LoginPageTest@350aac89]" started-at="2024-06-06T17:04:54Z" name="loginTest" finished-at="2024-06-06T17:04:54Z" duration-ms="875" status="PASS">
          <reporter-output>
          </reporter-output>
        </test-method> <!-- loginTest -->
        <test-method is-config="true" signature="tearDown()[pri:0, instance:com.qa.tests.LoginPageTest@350aac89]" started-at="2024-06-06T17:04:54Z" name="tearDown" finished-at="2024-06-06T17:04:55Z" duration-ms="182" status="PASS">
          <reporter-output>
          </reporter-output>
        </test-method> <!-- tearDown -->
      </class> <!-- com.qa.tests.LoginPageTest -->
    </test> <!-- Default test -->
  </suite> <!-- Default suite -->
</testng-results>
